[ 37.475] Warning Failed to open protocol names file /usr/lib64/xorg/protocol.txt
[    37.475] 
	catalogue:/etc/X11/fontpath.d,
	built-ins

[ 38.026] Warning Warning, couldn't open module vesa
[    37.475] 
X.Org X Server 1.20.11
X Protocol Version 11, Revision 0
[    37.475] Build Operating System:  4.18.0-477.21.1.el8_8.x86_64 
[    37.475] Current Operating System: Linux localhost.localdomain 5.14.0-412.el9.x86_64 #1 SMP PREEMPT_DYNAMIC Wed Jan 24 21:50:18 UTC 2024 x86_64
[    37.475] Kernel command line: BOOT_IMAGE=/images/pxeboot/vmlinuz inst.repo=hd:LABEL=CENTOS-STRE quiet
[    37.475] Build Date: 18 January 2024  12:00:00AM
[    37.475] Build ID: xorg-x11-server 1.20.11-24.el9 
[    37.475] Current version of pixman: 0.40.0
[    37.475] 	Before reporting problems, check http://wiki.x.org
	to make sure that you have the latest version.
[    37.475] Markers: (--) probed, (**) from config file, (==) default setting,
	(++) from command line, (!!) notice, (II) informational,
	Using a default monitor configuration.
	catalogue:/etc/X11/fontpath.d,
	built-ins
[ 37.489] Information The server relies on udev to provide the list of input devices.
	If no devices become available, reconfigure udev or disable AutoAddDevices.
[ 37.489] Information Loader magic: 0x5650bb9e8d40
[ 37.489] Information Module ABI versions:
[    37.489] 	X.Org ANSI C Emulation: 0.4
[    37.489] 	X.Org Video Driver: 24.1
[    37.489] 	X.Org XInput driver : 24.1
[    37.489] 	X.Org Server Extension : 10.0

[ 37.490] Information systemd-logind: logind integration requires -keeptty and -keeptty was not provided, disabling logind integration
[ 37.491] Information xfree86: Adding drm device (/dev/dri/card0)
[ 37.500] Information LoadModule: "glx"
[ 37.500] Information Loading /usr/lib64/xorg/modules/extensions/libglx.so
[ 37.526] Information Module glx: vendor="X.Org Foundation"
[    37.526] 	compiled for 1.20.11, module version = 1.0.0
[    37.526] 	ABI class: X.Org Server Extension, version 10.0
[ 38.021] Information LoadModule: "modesetting"
[ 38.021] Information Loading /usr/lib64/xorg/modules/drivers/modesetting_drv.so
[ 38.025] Information Module modesetting: vendor="X.Org Foundation"
[    38.025] 	compiled for 1.20.11, module version = 1.20.11
[    38.025] 	Module class: X.Org Video Driver
[    38.025] 	ABI class: X.Org Video Driver, version 24.1
[ 38.025] Information LoadModule: "fbdev"
[ 38.025] Information Loading /usr/lib64/xorg/modules/drivers/fbdev_drv.so
[ 38.026] Information Module fbdev: vendor="X.Org Foundation"
[    38.026] 	compiled for 1.20.11, module version = 0.5.0
[    38.026] 	Module class: X.Org Video Driver
[    38.026] 	ABI class: X.Org Video Driver, version 24.1
[ 38.026] Information LoadModule: "vesa"
[ 38.026] Information modesetting: Driver for Modesetting Kernel Drivers: kms
[ 38.026] Information FBDEV: driver for framebuffer: fbdev
[ 38.036] Information modeset(0): using drv /dev/dri/card0
[ 38.036] Information modeset(0): Creating default Display subsection in Screen section
	"Default Screen Section" for depth/fbbpp 24/32
[ 38.036] Information Loading sub module "glamoregl"
[ 38.036] Information LoadModule: "glamoregl"
[ 38.036] Information Loading /usr/lib64/xorg/modules/libglamoregl.so
[ 38.060] Information Module glamoregl: vendor="X.Org Foundation"
[    38.060] 	compiled for 1.20.11, module version = 1.0.1
[    38.060] 	ABI class: X.Org ANSI C Emulation, version 0.4
[ 40.096] Information modeset(0): glamor X acceleration enabled on NVC3
[ 40.096] Information modeset(0): glamor initialized
[ 40.107] Information modeset(0): Output DVI-I-1 has no monitor section
[ 40.118] Information modeset(0): Output VGA-1 has no monitor section
[ 40.173] Information modeset(0): Output HDMI-1 has no monitor section
[ 40.185] Information modeset(0): EDID for output DVI-I-1
[ 40.195] Information modeset(0): EDID for output VGA-1
[ 40.250] Information modeset(0): EDID for output HDMI-1
[ 40.250] Information modeset(0): Manufacturer: XMI Model: 23c3 Serial#: 1
[ 40.250] Information modeset(0): Year: 2020 Week: 10
[ 40.250] Information modeset(0): EDID Version: 1.3
[ 40.250] Information modeset(0): Digital Display Input
[ 40.250] Information modeset(0): Max Image Size [cm]: horiz.: 53 vert.: 29
[ 40.250] Information modeset(0): Gamma: 2.20
[ 40.250] Information modeset(0): DPMS capabilities: Off
[ 40.250] Information modeset(0): Supported color encodings: RGB 4:4:4 YCrCb 4:4:4
[ 40.250] Information modeset(0): First detailed timing is preferred mode
[ 40.250] Information modeset(0): redX: 0.641 redY: 0.333 greenX: 0.315 greenY: 0.624
[ 40.250] Information modeset(0): blueX: 0.149 blueY: 0.049 whiteX: 0.313 whiteY: 0.329
[ 40.250] Information modeset(0): Supported established timings:
[ 40.250] Information modeset(0): 720x400@70Hz
[ 40.250] Information modeset(0): 640x480@60Hz
[ 40.250] Information modeset(0): 640x480@67Hz
[ 40.250] Information modeset(0): 640x480@72Hz
[ 40.250] Information modeset(0): 640x480@75Hz
[ 40.250] Information modeset(0): 800x600@60Hz
[ 40.250] Information modeset(0): 800x600@72Hz
[ 40.250] Information modeset(0): 800x600@75Hz
[ 40.250] Information modeset(0): 1024x768@60Hz
[ 40.250] Information modeset(0): 1024x768@70Hz
[ 40.250] Information modeset(0): 1024x768@75Hz
[ 40.250] Information modeset(0): 1280x1024@75Hz
[ 40.250] Information modeset(0): Manufacturer's mask: 0
[ 40.250] Information modeset(0): Supported standard timings:
[ 40.250] Information modeset(0): #0: hsize: 1152 vsize 864 refresh: 75 vid: 20337
[ 40.250] Information modeset(0): #1: hsize: 1280 vsize 1024 refresh: 60 vid: 32897
[ 40.250] Information modeset(0): #2: hsize: 1280 vsize 1024 refresh: 72 vid: 35969
[ 40.250] Information modeset(0): #3: hsize: 1280 vsize 800 refresh: 60 vid: 129
[ 40.250] Information modeset(0): #4: hsize: 1440 vsize 900 refresh: 60 vid: 149
[ 40.250] Information modeset(0): #5: hsize: 1440 vsize 900 refresh: 75 vid: 3989
[ 40.250] Information modeset(0): #6: hsize: 1600 vsize 900 refresh: 60 vid: 49321
[ 40.250] Information modeset(0): #7: hsize: 1680 vsize 1050 refresh: 60 vid: 179
[ 40.250] Information modeset(0): Supported detailed timing:
[ 40.250] Information modeset(0): clock: 148.5 MHz Image Size: 527 x 293 mm
[ 40.250] Information modeset(0): h_active: 1920 h_sync: 2008 h_sync_end 2052 h_blank_end 2200 h_border: 0
[ 40.250] Information modeset(0): v_active: 1080 v_sync: 1084 v_sync_end 1089 v_blanking: 1125 v_border: 0
[ 40.250] Information modeset(0): Ranges: V min: 50 V max: 75 Hz, H min: 15 H max: 100 kHz, PixClock max 195 MHz
[ 40.250] Information modeset(0): Serial No: 2804800102242
[ 40.250] Information modeset(0): Monitor name: Redmi Monitor
[ 40.250] Information modeset(0): Supported detailed timing:
[ 40.250] Information modeset(0): clock: 74.2 MHz Image Size: 160 x 90 mm
[ 40.250] Information modeset(0): h_active: 1280 h_sync: 1390 h_sync_end 1430 h_blank_end 1650 h_border: 0
[ 40.250] Information modeset(0): v_active: 720 v_sync: 725 v_sync_end 730 v_blanking: 750 v_border: 0
[ 40.250] Information modeset(0): Supported detailed timing:
[ 40.250] Information modeset(0): clock: 85.5 MHz Image Size: 526 x 339 mm
[ 40.250] Information modeset(0): h_active: 1366 h_sync: 1436 h_sync_end 1579 h_blank_end 1792 h_border: 0
[ 40.250] Information modeset(0): v_active: 768 v_sync: 771 v_sync_end 774 v_blanking: 798 v_border: 0
[ 40.250] Information modeset(0): Supported detailed timing:
[ 40.250] Information modeset(0): clock: 185.6 MHz Image Size: 160 x 90 mm
[ 40.250] Information modeset(0): h_active: 1920 h_sync: 1968 h_sync_end 2008 h_blank_end 2200 h_border: 0
[ 40.250] Information modeset(0): v_active: 1080 v_sync: 1085 v_sync_end 1090 v_blanking: 1125 v_border: 0
[ 40.250] Information modeset(0): Supported detailed timing:
[ 40.250] Information modeset(0): clock: 79.5 MHz Image Size: 368 x 207 mm
[ 40.250] Information modeset(0): h_active: 1280 h_sync: 1328 h_sync_end 1360 h_blank_end 1664 h_border: 0
[ 40.250] Information modeset(0): v_active: 768 v_sync: 771 v_sync_end 778 v_blanking: 798 v_border: 0
[ 40.250] Information modeset(0): Number of EDID sections to follow: 1
[ 40.250] Information modeset(0): EDID (in hex):
[ 40.250] Information modeset(0): 00ffffffffffff0061a9c32301000000
[ 40.250] Information modeset(0): 0a1e010380351d782a1f65a455509f26
[ 40.250] Information modeset(0): 0c5054bdcf00714f8180818c81009500
[ 40.250] Information modeset(0): 950fa9c0b300023a801871382d40582c
[ 40.250] Information modeset(0): 45000f252100001e000000fd00324b0f
[ 40.250] Information modeset(0): 6413000a202020202020000000ff0032
[ 40.250] Information modeset(0): 383034383030313032323432000000fc
[ 40.250] Information modeset(0): 005265646d69204d6f6e69746f72018d
[ 40.250] Information modeset(0): 020316b149010312130414051f106703
[ 40.250] Information modeset(0): 0c0010000026011d007251d01e206e28
[ 40.250] Information modeset(0): 5500a05a0000001e662156aa51001e30
[ 40.250] Information modeset(0): 468f33000e532100001e7f4880187138
[ 40.250] Information modeset(0): 2d4030285500a05a0000001e0e1f0080
[ 40.250] Information modeset(0): 51001e303020370070cf1000001e0000
[ 40.250] Information modeset(0): 00000000000000000000000000000000
[ 40.250] Information modeset(0): 00000000000000000000000000000090
[ 40.250] Information modeset(0): Not using default mode "1440x810" (bad mode clock/interlace/doublescan)
[ 40.250] Information modeset(0): Not using default mode "1600x900" (bad mode clock/interlace/doublescan)
[ 40.250] Information modeset(0): Not using default mode "1920x1080" (bad mode clock/interlace/doublescan)
[ 40.250] Information modeset(0): Printing probed modes for output HDMI-1
[ 40.250] Information modeset(0): Modeline "1920x1080"x60.0 148.50 1920 2008 2052 2200 1080 1084 1089 1125 +hsync +vsync (67.5 kHz eP)
[ 40.250] Information modeset(0): Modeline "1920x1080"x75.0 185.59 1920 1968 2008 2200 1080 1085 1090 1125 +hsync +vsync (84.4 kHz e)
[ 40.250] Information modeset(0): Modeline "1920x1080"x60.0 173.00 1920 2048 2248 2576 1080 1083 1088 1120 -hsync +vsync (67.2 kHz d)
[ 40.250] Information modeset(0): Modeline "1920x1080"x50.0 148.50 1920 2448 2492 2640 1080 1084 1089 1125 +hsync +vsync (56.2 kHz e)
[ 40.250] Information modeset(0): Modeline "1920x1080"x59.9 148.35 1920 2008 2052 2200 1080 1084 1089 1125 +hsync +vsync (67.4 kHz e)
[ 40.250] Information modeset(0): Modeline "1920x1080"x59.9 138.50 1920 1968 2000 2080 1080 1083 1088 1111 +hsync -vsync (66.6 kHz d)
[ 40.250] Information modeset(0): Modeline "1920x1080i"x60.0 74.25 1920 2008 2052 2200 1080 1084 1094 1125 interlace +hsync +vsync (33.8 kHz e)
[ 40.250] Information modeset(0): Modeline "1920x1080i"x50.0 74.25 1920 2448 2492 2640 1080 1084 1094 1125 interlace +hsync +vsync (28.1 kHz e)
[ 40.250] Information modeset(0): Modeline "1920x1080i"x59.9 74.18 1920 2008 2052 2200 1080 1084 1094 1125 interlace +hsync +vsync (33.7 kHz e)
[ 40.250] Information modeset(0): Modeline "1680x1050"x60.0 146.25 1680 1784 1960 2240 1050 1053 1059 1089 -hsync +vsync (65.3 kHz d)
[ 40.251] Information modeset(0): Modeline "1680x1050"x59.9 119.00 1680 1728 1760 1840 1050 1053 1059 1080 +hsync -vsync (64.7 kHz e)
[ 40.251] Information modeset(0): Modeline "1400x1050"x74.8 155.80 1400 1464 1784 1912 1050 1052 1064 1090 +hsync +vsync (81.5 kHz d)
[ 40.251] Information modeset(0): Modeline "1400x1050"x60.0 122.00 1400 1488 1640 1880 1050 1052 1064 1082 +hsync +vsync (64.9 kHz d)
[ 40.251] Information modeset(0): Modeline "1600x900"x59.9 186.50 1600 1624 1640 1680 900 901 904 926 doublescan +hsync -vsync (111.0 kHz d)
[ 40.251] Information modeset(0): Modeline "1600x900"x59.9 118.25 1600 1696 1856 2112 900 903 908 934 -hsync +vsync (56.0 kHz d)
[ 40.251] Information modeset(0): Modeline "1600x900"x60.0 108.00 1600 1624 1704 1800 900 901 904 1000 +hsync +vsync (60.0 kHz e)
[ 40.251] Information modeset(0): Modeline "1600x900"x59.8 97.50 1600 1648 1680 1760 900 903 908 926 +hsync -vsync (55.4 kHz d)
[ 40.251] Information modeset(0): Modeline "1280x1024"x75.0 135.00 1280 1296 1440 1688 1024 1025 1028 1066 +hsync +vsync (80.0 kHz e)
[ 40.251] Information modeset(0): Modeline "1280x1024"x72.0 132.84 1280 1368 1504 1728 1024 1025 1028 1067 -hsync +vsync (76.9 kHz)
[ 40.251] Information modeset(0): Modeline "1280x1024"x60.0 108.00 1280 1328 1440 1688 1024 1025 1028 1066 +hsync +vsync (64.0 kHz e)
[ 40.251] Information modeset(0): Modeline "1440x900"x75.0 136.75 1440 1536 1688 1936 900 903 909 942 -hsync +vsync (70.6 kHz e)
[ 40.251] Information modeset(0): Modeline "1440x900"x59.9 88.75 1440 1488 1520 1600 900 903 909 926 +hsync -vsync (55.5 kHz e)
[ 40.251] Information modeset(0): Modeline "1400x900"x60.0 103.50 1400 1480 1624 1848 900 903 913 934 -hsync +vsync (56.0 kHz d)
[ 40.251] Information modeset(0): Modeline "1400x900"x59.9 86.50 1400 1448 1480 1560 900 903 913 926 +hsync -vsync (55.4 kHz d)
[ 40.251] Information modeset(0): Modeline "1280x960"x60.0 108.00 1280 1376 1488 1800 960 961 964 1000 +hsync +vsync (60.0 kHz d)
[ 40.251] Information modeset(0): Modeline "1440x810"x60.0 151.88 1440 1464 1480 1520 810 811 814 833 doublescan +hsync -vsync (99.9 kHz d)
[ 40.251] Information modeset(0): Modeline "1368x768"x59.9 85.25 1368 1440 1576 1784 768 771 781 798 -hsync +vsync (47.8 kHz d)
[ 40.251] Information modeset(0): Modeline "1368x768"x59.9 72.25 1368 1416 1448 1528 768 771 781 790 +hsync -vsync (47.3 kHz d)
[ 40.251] Information modeset(0): Modeline "1366x768"x59.8 85.50 1366 1436 1579 1792 768 771 774 798 +hsync +vsync (47.7 kHz e)
[ 40.251] Information modeset(0): Modeline "1280x800"x60.0 174.25 1280 1380 1516 1752 800 801 804 829 doublescan -hsync +vsync (99.5 kHz d)
[ 40.251] Information modeset(0): Modeline "1280x800"x60.0 134.25 1280 1304 1320 1360 800 801 804 823 doublescan +hsync -vsync (98.7 kHz d)
[ 40.251] Information modeset(0): Modeline "1280x800"x59.8 83.50 1280 1352 1480 1680 800 803 809 831 -hsync +vsync (49.7 kHz d)
[ 40.251] Information modeset(0): Modeline "1280x800"x59.9 71.00 1280 1328 1360 1440 800 803 809 823 +hsync -vsync (49.3 kHz e)
[ 40.251] Information modeset(0): Modeline "1152x864"x75.0 108.00 1152 1216 1344 1600 864 865 868 900 +hsync +vsync (67.5 kHz e)
[ 40.251] Information modeset(0): Modeline "1280x768"x59.9 79.50 1280 1328 1360 1664 768 771 778 798 +hsync +vsync (47.8 kHz e)
[ 40.251] Information modeset(0): Modeline "1280x720"x60.0 156.12 1280 1376 1512 1744 720 721 724 746 doublescan -hsync +vsync (89.5 kHz d)
[ 40.251] Information modeset(0): Modeline "1280x720"x60.0 120.75 1280 1304 1320 1360 720 721 724 740 doublescan +hsync -vsync (88.8 kHz d)
[ 40.251] Information modeset(0): Modeline "1280x720"x59.9 74.50 1280 1344 1472 1664 720 723 728 748 -hsync +vsync (44.8 kHz d)
[ 40.251] Information modeset(0): Modeline "1280x720"x60.0 74.25 1280 1390 1430 1650 720 725 730 750 +hsync +vsync (45.0 kHz e)
[ 40.251] Information modeset(0): Modeline "1280x720"x50.0 74.25 1280 1720 1760 1980 720 725 730 750 +hsync +vsync (37.5 kHz e)
[ 40.251] Information modeset(0): Modeline "1280x720"x59.9 74.18 1280 1390 1430 1650 720 725 730 750 +hsync +vsync (45.0 kHz e)
[ 40.251] Information modeset(0): Modeline "1280x720"x59.7 63.75 1280 1328 1360 1440 720 723 728 741 +hsync -vsync (44.3 kHz d)
[ 40.251] Information modeset(0): Modeline "1024x768"x75.0 170.24 1024 1108 1220 1416 768 768 770 801 doublescan -hsync +vsync (120.2 kHz d)
[ 40.251] Information modeset(0): Modeline "1024x768"x60.0 133.47 1024 1100 1212 1400 768 768 770 794 doublescan -hsync +vsync (95.3 kHz d)
[ 40.251] Information modeset(0): Modeline "1024x768"x75.0 78.75 1024 1040 1136 1312 768 769 772 800 +hsync +vsync (60.0 kHz e)
[ 40.251] Information modeset(0): Modeline "1024x768"x70.1 75.00 1024 1048 1184 1328 768 771 777 806 -hsync -vsync (56.5 kHz e)
[ 40.251] Information modeset(0): Modeline "1024x768"x60.0 65.00 1024 1048 1184 1344 768 771 777 806 -hsync -vsync (48.4 kHz e)
[ 40.251] Information modeset(0): Modeline "960x720"x75.0 148.50 960 1032 1144 1320 720 720 722 750 doublescan -hsync +vsync (112.5 kHz d)
[ 40.251] Information modeset(0): Modeline "960x720"x60.0 117.00 960 1024 1128 1300 720 720 722 750 doublescan -hsync +vsync (90.0 kHz d)
[ 40.251] Information modeset(0): Modeline "928x696"x75.0 144.00 928 992 1104 1280 696 696 698 750 doublescan -hsync +vsync (112.5 kHz d)
[ 40.251] Information modeset(0): Modeline "928x696"x60.1 109.15 928 976 1088 1264 696 696 698 719 doublescan -hsync +vsync (86.4 kHz d)
[ 40.251] Information modeset(0): Modeline "896x672"x75.0 130.50 896 944 1052 1228 672 672 674 708 doublescan -hsync +vsync (106.3 kHz d)
[ 40.251] Information modeset(0): Modeline "896x672"x60.0 102.40 896 960 1060 1224 672 672 674 697 doublescan -hsync +vsync (83.7 kHz d)
[ 40.251] Information modeset(0): Modeline "1024x576"x60.0 98.50 1024 1092 1200 1376 576 577 580 597 doublescan -hsync +vsync (71.6 kHz d)
[ 40.251] Information modeset(0): Modeline "1024x576"x60.0 78.38 1024 1048 1064 1104 576 577 580 592 doublescan +hsync -vsync (71.0 kHz d)
[ 40.251] Information modeset(0): Modeline "1024x576"x59.9 46.50 1024 1064 1160 1296 576 579 584 599 -hsync +vsync (35.9 kHz d)
[ 40.251] Information modeset(0): Modeline "1024x576"x59.8 42.00 1024 1072 1104 1184 576 579 584 593 +hsync -vsync (35.5 kHz d)
[ 40.251] Information modeset(0): Modeline "960x600"x59.9 96.62 960 1028 1128 1296 600 601 604 622 doublescan -hsync +vsync (74.6 kHz d)
[ 40.251] Information modeset(0): Modeline "960x600"x60.0 77.00 960 984 1000 1040 600 601 604 617 doublescan +hsync -vsync (74.0 kHz d)
[ 40.251] Information modeset(0): Modeline "832x624"x74.6 57.28 832 864 928 1152 624 625 628 667 -hsync -vsync (49.7 kHz d)
[ 40.251] Information modeset(0): Modeline "960x540"x60.0 86.50 960 1024 1124 1288 540 541 544 560 doublescan -hsync +vsync (67.2 kHz d)
[ 40.251] Information modeset(0): Modeline "960x540"x60.0 69.25 960 984 1000 1040 540 541 544 555 doublescan +hsync -vsync (66.6 kHz d)
[ 40.251] Information modeset(0): Modeline "960x540"x59.6 40.75 960 992 1088 1216 540 543 548 562 -hsync +vsync (33.5 kHz d)
[ 40.251] Information modeset(0): Modeline "960x540"x59.8 37.25 960 1008 1040 1120 540 543 548 556 +hsync -vsync (33.3 kHz d)
[ 40.251] Information modeset(0): Modeline "800x600"x75.0 101.25 800 832 928 1080 600 600 602 625 doublescan +hsync +vsync (93.8 kHz d)
[ 40.251] Information modeset(0): Modeline "800x600"x70.0 94.50 800 832 928 1080 600 600 602 625 doublescan +hsync +vsync (87.5 kHz d)
[ 40.251] Information modeset(0): Modeline "800x600"x65.0 87.75 800 832 928 1080 600 600 602 625 doublescan +hsync +vsync (81.2 kHz d)
[ 40.251] Information modeset(0): Modeline "800x600"x60.0 81.00 800 832 928 1080 600 600 602 625 doublescan +hsync +vsync (75.0 kHz d)
[ 40.251] Information modeset(0): Modeline "800x600"x72.2 50.00 800 856 976 1040 600 637 643 666 +hsync +vsync (48.1 kHz e)
[ 40.251] Information modeset(0): Modeline "800x600"x75.0 49.50 800 816 896 1056 600 601 604 625 +hsync +vsync (46.9 kHz e)
[ 40.251] Information modeset(0): Modeline "800x600"x60.3 40.00 800 840 968 1056 600 601 605 628 +hsync +vsync (37.9 kHz e)
[ 40.251] Information modeset(0): Modeline "800x600"x56.2 36.00 800 824 896 1024 600 601 603 625 +hsync +vsync (35.2 kHz d)
[ 40.251] Information modeset(0): Modeline "840x525"x60.0 73.12 840 892 980 1120 525 526 529 544 doublescan -hsync +vsync (65.3 kHz d)
[ 40.251] Information modeset(0): Modeline "840x525"x59.9 59.50 840 864 880 920 525 526 529 540 doublescan +hsync -vsync (64.7 kHz d)
[ 40.251] Information modeset(0): Modeline "864x486"x59.9 32.50 864 888 968 1072 486 489 494 506 -hsync +vsync (30.3 kHz d)
[ 40.251] Information modeset(0): Modeline "864x486"x59.6 30.50 864 912 944 1024 486 489 494 500 +hsync -vsync (29.8 kHz d)
[ 40.251] Information modeset(0): Modeline "720x576"x50.0 27.00 720 732 796 864 576 581 586 625 -hsync -vsync (31.2 kHz e)
[ 40.251] Information modeset(0): Modeline "700x525"x74.8 77.90 700 732 892 956 525 526 532 545 doublescan +hsync +vsync (81.5 kHz d)
[ 40.251] Information modeset(0): Modeline "700x525"x60.0 61.00 700 744 820 940 525 526 532 541 doublescan +hsync +vsync (64.9 kHz d)
[ 40.251] Information modeset(0): Modeline "800x450"x59.9 59.12 800 848 928 1056 450 451 454 467 doublescan -hsync +vsync (56.0 kHz d)
[ 40.251] Information modeset(0): Modeline "800x450"x59.8 48.75 800 824 840 880 450 451 454 463 doublescan +hsync -vsync (55.4 kHz d)
[ 40.251] Information modeset(0): Modeline "720x480"x60.0 27.03 720 736 798 858 480 489 495 525 -hsync -vsync (31.5 kHz e)
[ 40.251] Information modeset(0): Modeline "720x480"x59.9 27.00 720 736 798 858 480 489 495 525 -hsync -vsync (31.5 kHz e)
[ 40.251] Information modeset(0): Modeline "640x512"x75.0 67.50 640 648 720 844 512 512 514 533 doublescan +hsync +vsync (80.0 kHz d)
[ 40.251] Information modeset(0): Modeline "640x512"x60.0 54.00 640 664 720 844 512 512 514 533 doublescan +hsync +vsync (64.0 kHz d)
[ 40.251] Information modeset(0): Modeline "700x450"x60.0 51.75 700 740 812 924 450 451 456 467 doublescan -hsync +vsync (56.0 kHz d)
[ 40.251] Information modeset(0): Modeline "700x450"x59.9 43.25 700 724 740 780 450 451 456 463 doublescan +hsync -vsync (55.4 kHz d)
[ 40.251] Information modeset(0): Modeline "640x480"x60.0 54.00 640 688 744 900 480 480 482 500 doublescan +hsync +vsync (60.0 kHz d)
[ 40.251] Information modeset(0): Modeline "640x480"x75.0 31.50 640 656 720 840 480 481 484 500 -hsync -vsync (37.5 kHz e)
[ 40.251] Information modeset(0): Modeline "640x480"x72.8 31.50 640 664 704 832 480 489 492 520 -hsync -vsync (37.9 kHz e)
[ 40.251] Information modeset(0): Modeline "640x480"x75.0 31.50 640 656 720 840 480 481 484 500 -hsync -vsync (37.5 kHz d)
[ 40.251] Information modeset(0): Modeline "640x480"x66.7 30.24 640 704 768 864 480 483 486 525 -hsync -vsync (35.0 kHz e)
[ 40.251] Information modeset(0): Modeline "640x480"x60.0 25.20 640 656 752 800 480 490 492 525 -hsync -vsync (31.5 kHz e)
[ 40.251] Information modeset(0): Modeline "640x480"x59.9 25.18 640 656 752 800 480 490 492 525 -hsync -vsync (31.5 kHz e)
[ 40.251] Information modeset(0): Modeline "720x405"x59.5 22.50 720 744 808 896 405 408 413 422 -hsync +vsync (25.1 kHz d)
[ 40.251] Information modeset(0): Modeline "720x405"x59.0 21.75 720 768 800 880 405 408 413 419 +hsync -vsync (24.7 kHz d)
[ 40.251] Information modeset(0): Modeline "720x400"x70.1 28.32 720 738 846 900 400 412 414 449 -hsync +vsync (31.5 kHz e)
[ 40.251] Information modeset(0): Modeline "684x384"x59.9 42.62 684 720 788 892 384 385 390 399 doublescan -hsync +vsync (47.8 kHz d)
[ 40.251] Information modeset(0): Modeline "684x384"x59.9 36.12 684 708 724 764 384 385 390 395 doublescan +hsync -vsync (47.3 kHz d)
[ 40.251] Information modeset(0): Modeline "640x400"x59.9 41.75 640 676 740 840 400 401 404 415 doublescan -hsync +vsync (49.7 kHz d)
[ 40.251] Information modeset(0): Modeline "640x400"x60.0 35.50 640 664 680 720 400 401 404 411 doublescan +hsync -vsync (49.3 kHz d)
[ 40.251] Information modeset(0): Modeline "576x432"x75.0 54.00 576 608 672 800 432 432 434 450 doublescan +hsync +vsync (67.5 kHz d)
[ 40.251] Information modeset(0): Modeline "640x360"x59.9 37.25 640 672 736 832 360 361 364 374 doublescan -hsync +vsync (44.8 kHz d)
[ 40.251] Information modeset(0): Modeline "640x360"x59.8 31.88 640 664 680 720 360 361 364 370 doublescan +hsync -vsync (44.3 kHz d)
[ 40.251] Information modeset(0): Modeline "640x360"x59.8 18.00 640 664 720 800 360 363 368 376 -hsync +vsync (22.5 kHz d)
[ 40.251] Information modeset(0): Modeline "640x360"x59.3 17.75 640 688 720 800 360 363 368 374 +hsync -vsync (22.2 kHz d)
[ 40.251] Information modeset(0): Modeline "512x384"x75.0 39.38 512 520 568 656 384 384 386 400 doublescan +hsync +vsync (60.0 kHz d)
[ 40.251] Information modeset(0): Modeline "512x384"x70.1 37.50 512 524 592 664 384 385 388 403 doublescan -hsync -vsync (56.5 kHz d)
[ 40.251] Information modeset(0): Modeline "512x384"x60.0 32.50 512 524 592 672 384 385 388 403 doublescan -hsync -vsync (48.4 kHz d)
[ 40.251] Information modeset(0): Modeline "512x288"x60.0 23.25 512 532 580 648 288 289 292 299 doublescan -hsync +vsync (35.9 kHz d)
[ 40.251] Information modeset(0): Modeline "512x288"x59.9 21.00 512 536 552 592 288 289 292 296 doublescan +hsync -vsync (35.5 kHz d)
[ 40.251] Information modeset(0): Modeline "416x312"x74.7 28.64 416 432 464 576 312 312 314 333 doublescan -hsync -vsync (49.7 kHz d)
[ 40.251] Information modeset(0): Modeline "480x270"x59.6 20.38 480 496 544 608 270 271 274 281 doublescan -hsync +vsync (33.5 kHz d)
[ 40.251] Information modeset(0): Modeline "480x270"x59.8 18.62 480 504 520 560 270 271 274 278 doublescan +hsync -vsync (33.3 kHz d)
[ 40.251] Information modeset(0): Modeline "400x300"x72.2 25.00 400 428 488 520 300 318 321 333 doublescan +hsync +vsync (48.1 kHz d)
[ 40.251] Information modeset(0): Modeline "400x300"x75.1 24.75 400 408 448 528 300 300 302 312 doublescan +hsync +vsync (46.9 kHz d)
[ 40.251] Information modeset(0): Modeline "400x300"x60.3 20.00 400 420 484 528 300 300 302 314 doublescan +hsync +vsync (37.9 kHz d)
[ 40.251] Information modeset(0): Modeline "400x300"x56.3 18.00 400 412 448 512 300 300 301 312 doublescan +hsync +vsync (35.2 kHz d)
[ 40.251] Information modeset(0): Modeline "432x243"x59.9 16.25 432 444 484 536 243 244 247 253 doublescan -hsync +vsync (30.3 kHz d)
[ 40.251] Information modeset(0): Modeline "432x243"x59.6 15.25 432 456 472 512 243 244 247 250 doublescan +hsync -vsync (29.8 kHz d)
[ 40.251] Information modeset(0): Modeline "320x240"x72.8 15.75 320 332 352 416 240 244 246 260 doublescan -hsync -vsync (37.9 kHz d)
[ 40.251] Information modeset(0): Modeline "320x240"x75.0 15.75 320 328 360 420 240 240 242 250 doublescan -hsync -vsync (37.5 kHz d)
[ 40.251] Information modeset(0): Modeline "320x240"x60.1 12.59 320 328 376 400 240 245 246 262 doublescan -hsync -vsync (31.5 kHz d)
[ 40.251] Information modeset(0): Modeline "360x202"x59.5 11.25 360 372 404 448 202 204 206 211 doublescan -hsync +vsync (25.1 kHz d)
[ 40.251] Information modeset(0): Modeline "360x202"x59.1 10.88 360 384 400 440 202 204 206 209 doublescan +hsync -vsync (24.7 kHz d)
[ 40.251] Information modeset(0): Modeline "320x180"x59.8 9.00 320 332 360 400 180 181 184 188 doublescan -hsync +vsync (22.5 kHz d)
[ 40.251] Information modeset(0): Modeline "320x180"x59.3 8.88 320 344 360 400 180 181 184 187 doublescan +hsync -vsync (22.2 kHz d)
[ 40.251] Information modeset(0): Output DVI-I-1 disconnected
[ 40.251] Information modeset(0): Output VGA-1 disconnected
[ 40.251] Information modeset(0): Output HDMI-1 connected
[ 40.251] Information modeset(0): Using exact sizes for initial modes
[ 40.251] Information modeset(0): Output HDMI-1 using initial mode 1920x1080 +0+0
[ 40.251] Information Loading sub module "fb"
[ 40.251] Information LoadModule: "fb"
[ 40.251] Information Module "fb" already built-in
[ 40.251] Information UnloadModule: "fbdev"
[ 40.251] Information Unloading fbdev
[ 40.365] Information modeset(0): Initializing kms color map for depth 24, 8 bpc.
[ 40.365] Information modeset(0): [DRI2] Setup complete
[ 40.365] Information modeset(0): [DRI2] DRI driver: nouveau
[ 40.365] Information modeset(0): [DRI2] VDPAU driver: nouveau
[ 40.365] Information Initializing extension Generic Event Extension
[ 40.365] Information Initializing extension SHAPE
[ 40.365] Information Initializing extension MIT-SHM
[ 40.365] Information Initializing extension XInputExtension
[ 40.365] Information Initializing extension XTEST
[ 40.365] Information Initializing extension BIG-REQUESTS
[ 40.365] Information Initializing extension SYNC
[ 40.365] Information Initializing extension XKEYBOARD
[ 40.365] Information Initializing extension XC-MISC
[ 40.365] Information Initializing extension SECURITY
[ 40.365] Information Initializing extension XFIXES
[ 40.365] Information Initializing extension RENDER
[ 40.365] Information Initializing extension RANDR
[ 40.365] Information Initializing extension COMPOSITE
[ 40.365] Information Initializing extension DAMAGE
[ 40.365] Information Initializing extension MIT-SCREEN-SAVER
[ 40.365] Information Initializing extension DOUBLE-BUFFER
[ 40.365] Information Initializing extension RECORD
[ 40.365] Information Initializing extension DPMS
[ 40.365] Information Initializing extension Present
[ 40.365] Information Initializing extension DRI3
[ 40.365] Information Initializing extension X-Resource
[ 40.365] Information Initializing extension XVideo
[ 40.365] Information Initializing extension XVideo-MotionCompensation
[ 40.365] Information Initializing extension SELinux
[ 40.365] Information SELinux: Disabled by boolean
[ 40.365] Information Initializing extension GLX
[ 40.369] Information AIGLX: Loaded and initialized nouveau
[ 40.369] Information GLX: Initialized DRI2 GL provider for screen 0
[ 40.369] Information Initializing extension XFree86-VidModeExtension
[ 40.369] Information Initializing extension XFree86-DGA
[ 40.369] Information Initializing extension DRI2
[ 40.370] Information modeset(0): Damage tracking initialized
[ 40.370] Information modeset(0): Setting screen physical size to 508 x 285
[ 40.491] Information config/udev: Adding input device Power Button (/dev/input/event1)
[ 40.491] Information LoadModule: "libinput"
[ 40.491] Information Loading /usr/lib64/xorg/modules/input/libinput_drv.so
[ 40.492] Information Module libinput: vendor="X.Org Foundation"
[    40.492] 	compiled for 1.20.11, module version = 1.0.1
[    40.492] 	Module class: X.Org XInput Driver
[    40.492] 	ABI class: X.Org XInput driver, version 24.1
[ 40.492] Information Using input driver 'libinput' for 'Power Button'
[ 40.498] Information event1 - Power Button: is tagged by udev as: Keyboard
[ 40.498] Information event1 - Power Button: device is a keyboard
[ 40.499] Information event1 - Power Button: device removed
[ 40.509] Information XINPUT: Adding extended input device "Power Button" (type: KEYBOARD, id 6)
[ 40.509] Information event1 - Power Button: is tagged by udev as: Keyboard
[ 40.509] Information event1 - Power Button: device is a keyboard
[ 40.510] Information config/udev: Adding input device Power Button (/dev/input/event0)
[ 40.510] Information Using input driver 'libinput' for 'Power Button'
[ 40.511] Information event0 - Power Button: is tagged by udev as: Keyboard
[ 40.511] Information event0 - Power Button: device is a keyboard
[ 40.511] Information event0 - Power Button: device removed
[ 40.519] Information XINPUT: Adding extended input device "Power Button" (type: KEYBOARD, id 7)
[ 40.519] Information event0 - Power Button: is tagged by udev as: Keyboard
[ 40.520] Information event0 - Power Button: device is a keyboard
[ 40.520] Information config/udev: Adding input device SINO WEALTH Gaming KB (/dev/input/event2)
[ 40.520] Information Using input driver 'libinput' for 'SINO WEALTH Gaming KB '
[ 40.521] Information event2 - SINO WEALTH Gaming KB : is tagged by udev as: Keyboard
[ 40.522] Information event2 - SINO WEALTH Gaming KB : device is a keyboard
[ 40.522] Information event2 - SINO WEALTH Gaming KB : device removed
[ 40.533] Information XINPUT: Adding extended input device "SINO WEALTH Gaming KB " (type: KEYBOARD, id 8)
[ 40.534] Information event2 - SINO WEALTH Gaming KB : is tagged by udev as: Keyboard
[ 40.534] Information event2 - SINO WEALTH Gaming KB : device is a keyboard
[ 40.534] Information config/udev: Adding input device SINO WEALTH Gaming KB System Control (/dev/input/event3)
[ 40.534] Information Using input driver 'libinput' for 'SINO WEALTH Gaming KB System Control'
[ 40.536] Information event3 - SINO WEALTH Gaming KB System Control: is tagged by udev as: Keyboard
[ 40.536] Information event3 - SINO WEALTH Gaming KB System Control: device is a keyboard
[ 40.536] Information event3 - SINO WEALTH Gaming KB System Control: device removed
[ 40.551] Information XINPUT: Adding extended input device "SINO WEALTH Gaming KB System Control" (type: KEYBOARD, id 9)
[ 40.552] Information event3 - SINO WEALTH Gaming KB System Control: is tagged by udev as: Keyboard
[ 40.552] Information event3 - SINO WEALTH Gaming KB System Control: device is a keyboard
[ 40.552] Information config/udev: Adding input device SINO WEALTH Gaming KB Consumer Control (/dev/input/event4)
[ 40.553] Information Using input driver 'libinput' for 'SINO WEALTH Gaming KB Consumer Control'
[ 40.554] Information event4 - SINO WEALTH Gaming KB Consumer Control: is tagged by udev as: Keyboard
[ 40.554] Information event4 - SINO WEALTH Gaming KB Consumer Control: device is a keyboard
[ 40.554] Information event4 - SINO WEALTH Gaming KB Consumer Control: device removed
[ 40.565] Information libinput: SINO WEALTH Gaming KB Consumer Control: needs a virtual subdevice
[ 40.565] Information XINPUT: Adding extended input device "SINO WEALTH Gaming KB Consumer Control" (type: MOUSE, id 10)
[ 40.566] Information event4 - SINO WEALTH Gaming KB Consumer Control: is tagged by udev as: Keyboard
[ 40.566] Information event4 - SINO WEALTH Gaming KB Consumer Control: device is a keyboard
[ 40.566] Information config/udev: Adding input device SINO WEALTH Gaming KB Keyboard (/dev/input/event5)
[ 40.566] Information Using input driver 'libinput' for 'SINO WEALTH Gaming KB Keyboard'
[ 40.568] Information event5 - SINO WEALTH Gaming KB Keyboard: is tagged by udev as: Keyboard
[ 40.568] Information event5 - SINO WEALTH Gaming KB Keyboard: device is a keyboard
[ 40.568] Information event5 - SINO WEALTH Gaming KB Keyboard: device removed
[ 40.579] Information XINPUT: Adding extended input device "SINO WEALTH Gaming KB Keyboard" (type: KEYBOARD, id 11)
[ 40.580] Information event5 - SINO WEALTH Gaming KB Keyboard: is tagged by udev as: Keyboard
[ 40.580] Information event5 - SINO WEALTH Gaming KB Keyboard: device is a keyboard
[ 40.580] Information config/udev: Adding input device PC Speaker (/dev/input/event6)
[ 40.580] Information No input driver specified, ignoring this device.
[ 40.580] Information This device may have been added with another device file.
[ 40.583] Information Using input driver 'libinput' for 'SINO WEALTH Gaming KB Consumer Control'
[ 40.583] Information libinput: SINO WEALTH Gaming KB Consumer Control: is a virtual subdevice
[ 40.583] Information XINPUT: Adding extended input device "SINO WEALTH Gaming KB Consumer Control" (type: KEYBOARD, id 12)
[ 41.219] Information modeset(0): EDID vendor "XMI", prod id 9155
[ 41.219] Information modeset(0): Using EDID range info for horizontal sync
[ 41.219] Information modeset(0): Using EDID range info for vertical refresh
[ 41.219] Information modeset(0): Printing DDC gathered Modelines:
[ 41.219] Information modeset(0): Modeline "1920x1080"x0.0 148.50 1920 2008 2052 2200 1080 1084 1089 1125 +hsync +vsync (67.5 kHz eP)
[ 41.219] Information modeset(0): Modeline "1280x720"x0.0 74.25 1280 1390 1430 1650 720 725 730 750 +hsync +vsync (45.0 kHz e)
[ 41.219] Information modeset(0): Modeline "1366x768"x0.0 85.50 1366 1436 1579 1792 768 771 774 798 +hsync +vsync (47.7 kHz e)
[ 41.219] Information modeset(0): Modeline "1920x1080"x0.0 185.59 1920 1968 2008 2200 1080 1085 1090 1125 +hsync +vsync (84.4 kHz e)
[ 41.219] Information modeset(0): Modeline "1280x768"x0.0 79.50 1280 1328 1360 1664 768 771 778 798 +hsync +vsync (47.8 kHz e)
[ 41.219] Information modeset(0): Modeline "640x480"x0.0 25.18 640 656 752 800 480 490 492 525 -hsync -vsync (31.5 kHz e)
[ 41.219] Information modeset(0): Modeline "720x480"x0.0 27.00 720 736 798 858 480 489 495 525 -hsync -vsync (31.5 kHz e)
[ 41.219] Information modeset(0): Modeline "720x576"x0.0 27.00 720 732 796 864 576 581 586 625 -hsync -vsync (31.2 kHz e)
[ 41.219] Information modeset(0): Modeline "1280x720"x0.0 74.25 1280 1720 1760 1980 720 725 730 750 +hsync +vsync (37.5 kHz e)
[ 41.219] Information modeset(0): Modeline "1920x1080i"x0.0 74.25 1920 2448 2492 2640 1080 1084 1094 1125 interlace +hsync +vsync (28.1 kHz e)
[ 41.219] Information modeset(0): Modeline "1920x1080i"x0.0 74.25 1920 2008 2052 2200 1080 1084 1094 1125 interlace +hsync +vsync (33.8 kHz e)
[ 41.219] Information modeset(0): Modeline "1920x1080"x0.0 148.50 1920 2448 2492 2640 1080 1084 1089 1125 +hsync +vsync (56.2 kHz e)
[ 41.219] Information modeset(0): Modeline "800x600"x0.0 40.00 800 840 968 1056 600 601 605 628 +hsync +vsync (37.9 kHz e)
[ 41.219] Information modeset(0): Modeline "640x480"x0.0 31.50 640 656 720 840 480 481 484 500 -hsync -vsync (37.5 kHz e)
[ 41.219] Information modeset(0): Modeline "640x480"x0.0 31.50 640 664 704 832 480 489 492 520 -hsync -vsync (37.9 kHz e)
[ 41.219] Information modeset(0): Modeline "640x480"x0.0 30.24 640 704 768 864 480 483 486 525 -hsync -vsync (35.0 kHz e)
[ 41.219] Information modeset(0): Modeline "720x400"x0.0 28.32 720 738 846 900 400 412 414 449 -hsync +vsync (31.5 kHz e)
[ 41.219] Information modeset(0): Modeline "1280x1024"x0.0 135.00 1280 1296 1440 1688 1024 1025 1028 1066 +hsync +vsync (80.0 kHz e)
[ 41.219] Information modeset(0): Modeline "1024x768"x0.0 78.75 1024 1040 1136 1312 768 769 772 800 +hsync +vsync (60.0 kHz e)
[ 41.219] Information modeset(0): Modeline "1024x768"x0.0 75.00 1024 1048 1184 1328 768 771 777 806 -hsync -vsync (56.5 kHz e)
[ 41.219] Information modeset(0): Modeline "1024x768"x0.0 65.00 1024 1048 1184 1344 768 771 777 806 -hsync -vsync (48.4 kHz e)
[ 41.219] Information modeset(0): Modeline "800x600"x0.0 49.50 800 816 896 1056 600 601 604 625 +hsync +vsync (46.9 kHz e)
[ 41.219] Information modeset(0): Modeline "800x600"x0.0 50.00 800 856 976 1040 600 637 643 666 +hsync +vsync (48.1 kHz e)
[ 41.219] Information modeset(0): Modeline "1152x864"x0.0 108.00 1152 1216 1344 1600 864 865 868 900 +hsync +vsync (67.5 kHz e)
[ 41.219] Information modeset(0): Modeline "1280x1024"x0.0 108.00 1280 1328 1440 1688 1024 1025 1028 1066 +hsync +vsync (64.0 kHz e)
[ 41.219] Information modeset(0): Modeline "1280x1024"x72.0 132.75 1280 1368 1504 1728 1024 1025 1028 1067 -hsync +vsync (76.8 kHz e)
[ 41.219] Information modeset(0): Modeline "1280x800"x0.0 71.00 1280 1328 1360 1440 800 803 809 823 +hsync -vsync (49.3 kHz e)
[ 41.219] Information modeset(0): Modeline "1440x900"x0.0 88.75 1440 1488 1520 1600 900 903 909 926 +hsync -vsync (55.5 kHz e)
[ 41.219] Information modeset(0): Modeline "1440x900"x0.0 136.75 1440 1536 1688 1936 900 903 909 942 -hsync +vsync (70.6 kHz e)
[ 41.219] Information modeset(0): Modeline "1600x900"x60.0 119.00 1600 1696 1864 2128 900 901 904 932 -hsync +vsync (55.9 kHz e)
[ 41.219] Information modeset(0): Modeline "1680x1050"x0.0 119.00 1680 1728 1760 1840 1050 1053 1059 1080 +hsync -vsync (64.7 kHz e)
[ 41.348] Information modeset(0): EDID vendor "XMI", prod id 9155
[ 41.348] Information modeset(0): Using hsync ranges from config file
[ 41.348] Information modeset(0): Using vrefresh ranges from config file
[ 41.348] Information modeset(0): Printing DDC gathered Modelines:
[ 41.348] Information modeset(0): Modeline "1920x1080"x0.0 148.50 1920 2008 2052 2200 1080 1084 1089 1125 +hsync +vsync (67.5 kHz eP)
[ 41.348] Information modeset(0): Modeline "1280x720"x0.0 74.25 1280 1390 1430 1650 720 725 730 750 +hsync +vsync (45.0 kHz e)
[ 41.348] Information modeset(0): Modeline "1366x768"x0.0 85.50 1366 1436 1579 1792 768 771 774 798 +hsync +vsync (47.7 kHz e)
[ 41.348] Information modeset(0): Modeline "1920x1080"x0.0 185.59 1920 1968 2008 2200 1080 1085 1090 1125 +hsync +vsync (84.4 kHz e)
[ 41.348] Information modeset(0): Modeline "1280x768"x0.0 79.50 1280 1328 1360 1664 768 771 778 798 +hsync +vsync (47.8 kHz e)
[ 41.348] Information modeset(0): Modeline "640x480"x0.0 25.18 640 656 752 800 480 490 492 525 -hsync -vsync (31.5 kHz e)
[ 41.348] Information modeset(0): Modeline "720x480"x0.0 27.00 720 736 798 858 480 489 495 525 -hsync -vsync (31.5 kHz e)
[ 41.348] Information modeset(0): Modeline "720x576"x0.0 27.00 720 732 796 864 576 581 586 625 -hsync -vsync (31.2 kHz e)
[ 41.348] Information modeset(0): Modeline "1280x720"x0.0 74.25 1280 1720 1760 1980 720 725 730 750 +hsync +vsync (37.5 kHz e)
[ 41.348] Information modeset(0): Modeline "1920x1080i"x0.0 74.25 1920 2448 2492 2640 1080 1084 1094 1125 interlace +hsync +vsync (28.1 kHz e)
[ 41.348] Information modeset(0): Modeline "1920x1080i"x0.0 74.25 1920 2008 2052 2200 1080 1084 1094 1125 interlace +hsync +vsync (33.8 kHz e)
[ 41.348] Information modeset(0): Modeline "1920x1080"x0.0 148.50 1920 2448 2492 2640 1080 1084 1089 1125 +hsync +vsync (56.2 kHz e)
[ 41.348] Information modeset(0): Modeline "800x600"x0.0 40.00 800 840 968 1056 600 601 605 628 +hsync +vsync (37.9 kHz e)
[ 41.348] Information modeset(0): Modeline "640x480"x0.0 31.50 640 656 720 840 480 481 484 500 -hsync -vsync (37.5 kHz e)
[ 41.348] Information modeset(0): Modeline "640x480"x0.0 31.50 640 664 704 832 480 489 492 520 -hsync -vsync (37.9 kHz e)
[ 41.348] Information modeset(0): Modeline "640x480"x0.0 30.24 640 704 768 864 480 483 486 525 -hsync -vsync (35.0 kHz e)
[ 41.348] Information modeset(0): Modeline "720x400"x0.0 28.32 720 738 846 900 400 412 414 449 -hsync +vsync (31.5 kHz e)
[ 41.348] Information modeset(0): Modeline "1280x1024"x0.0 135.00 1280 1296 1440 1688 1024 1025 1028 1066 +hsync +vsync (80.0 kHz e)
[ 41.348] Information modeset(0): Modeline "1024x768"x0.0 78.75 1024 1040 1136 1312 768 769 772 800 +hsync +vsync (60.0 kHz e)
[ 41.348] Information modeset(0): Modeline "1024x768"x0.0 75.00 1024 1048 1184 1328 768 771 777 806 -hsync -vsync (56.5 kHz e)
[ 41.348] Information modeset(0): Modeline "1024x768"x0.0 65.00 1024 1048 1184 1344 768 771 777 806 -hsync -vsync (48.4 kHz e)
[ 41.348] Information modeset(0): Modeline "800x600"x0.0 49.50 800 816 896 1056 600 601 604 625 +hsync +vsync (46.9 kHz e)
[ 41.348] Information modeset(0): Modeline "800x600"x0.0 50.00 800 856 976 1040 600 637 643 666 +hsync +vsync (48.1 kHz e)
[ 41.348] Information modeset(0): Modeline "1152x864"x0.0 108.00 1152 1216 1344 1600 864 865 868 900 +hsync +vsync (67.5 kHz e)
[ 41.348] Information modeset(0): Modeline "1280x1024"x0.0 108.00 1280 1328 1440 1688 1024 1025 1028 1066 +hsync +vsync (64.0 kHz e)
[ 41.348] Information modeset(0): Modeline "1280x1024"x72.0 132.75 1280 1368 1504 1728 1024 1025 1028 1067 -hsync +vsync (76.8 kHz e)
[ 41.348] Information modeset(0): Modeline "1280x800"x0.0 71.00 1280 1328 1360 1440 800 803 809 823 +hsync -vsync (49.3 kHz e)
[ 41.348] Information modeset(0): Modeline "1440x900"x0.0 88.75 1440 1488 1520 1600 900 903 909 926 +hsync -vsync (55.5 kHz e)
[ 41.348] Information modeset(0): Modeline "1440x900"x0.0 136.75 1440 1536 1688 1936 900 903 909 942 -hsync +vsync (70.6 kHz e)
[ 41.348] Information modeset(0): Modeline "1600x900"x60.0 119.00 1600 1696 1864 2128 900 901 904 932 -hsync +vsync (55.9 kHz e)
[ 41.348] Information modeset(0): Modeline "1680x1050"x0.0 119.00 1680 1728 1760 1840 1050 1053 1059 1080 +hsync -vsync (64.7 kHz e)
[ 41.350] Information modeset(0): Disabling kernel dirty updates, not required.
[ 41.632] Information modeset(0): EDID vendor "XMI", prod id 9155
[ 41.632] Information modeset(0): Using hsync ranges from config file
[ 41.632] Information modeset(0): Using vrefresh ranges from config file
[ 41.632] Information modeset(0): Printing DDC gathered Modelines:
[ 41.632] Information modeset(0): Modeline "1920x1080"x0.0 148.50 1920 2008 2052 2200 1080 1084 1089 1125 +hsync +vsync (67.5 kHz eP)
[ 41.632] Information modeset(0): Modeline "1280x720"x0.0 74.25 1280 1390 1430 1650 720 725 730 750 +hsync +vsync (45.0 kHz e)
[ 41.632] Information modeset(0): Modeline "1366x768"x0.0 85.50 1366 1436 1579 1792 768 771 774 798 +hsync +vsync (47.7 kHz e)
[ 41.632] Information modeset(0): Modeline "1920x1080"x0.0 185.59 1920 1968 2008 2200 1080 1085 1090 1125 +hsync +vsync (84.4 kHz e)
[ 41.632] Information modeset(0): Modeline "1280x768"x0.0 79.50 1280 1328 1360 1664 768 771 778 798 +hsync +vsync (47.8 kHz e)
[ 41.632] Information modeset(0): Modeline "640x480"x0.0 25.18 640 656 752 800 480 490 492 525 -hsync -vsync (31.5 kHz e)
[ 41.632] Information modeset(0): Modeline "720x480"x0.0 27.00 720 736 798 858 480 489 495 525 -hsync -vsync (31.5 kHz e)
[ 41.632] Information modeset(0): Modeline "720x576"x0.0 27.00 720 732 796 864 576 581 586 625 -hsync -vsync (31.2 kHz e)
[ 41.632] Information modeset(0): Modeline "1280x720"x0.0 74.25 1280 1720 1760 1980 720 725 730 750 +hsync +vsync (37.5 kHz e)
[ 41.632] Information modeset(0): Modeline "1920x1080i"x0.0 74.25 1920 2448 2492 2640 1080 1084 1094 1125 interlace +hsync +vsync (28.1 kHz e)
[ 41.632] Information modeset(0): Modeline "1920x1080i"x0.0 74.25 1920 2008 2052 2200 1080 1084 1094 1125 interlace +hsync +vsync (33.8 kHz e)
[ 41.632] Information modeset(0): Modeline "1920x1080"x0.0 148.50 1920 2448 2492 2640 1080 1084 1089 1125 +hsync +vsync (56.2 kHz e)
[ 41.632] Information modeset(0): Modeline "800x600"x0.0 40.00 800 840 968 1056 600 601 605 628 +hsync +vsync (37.9 kHz e)
[ 41.632] Information modeset(0): Modeline "640x480"x0.0 31.50 640 656 720 840 480 481 484 500 -hsync -vsync (37.5 kHz e)
[ 41.632] Information modeset(0): Modeline "640x480"x0.0 31.50 640 664 704 832 480 489 492 520 -hsync -vsync (37.9 kHz e)
[ 41.632] Information modeset(0): Modeline "640x480"x0.0 30.24 640 704 768 864 480 483 486 525 -hsync -vsync (35.0 kHz e)
[ 41.632] Information modeset(0): Modeline "720x400"x0.0 28.32 720 738 846 900 400 412 414 449 -hsync +vsync (31.5 kHz e)
[ 41.632] Information modeset(0): Modeline "1280x1024"x0.0 135.00 1280 1296 1440 1688 1024 1025 1028 1066 +hsync +vsync (80.0 kHz e)
[ 41.632] Information modeset(0): Modeline "1024x768"x0.0 78.75 1024 1040 1136 1312 768 769 772 800 +hsync +vsync (60.0 kHz e)
[ 41.632] Information modeset(0): Modeline "1024x768"x0.0 75.00 1024 1048 1184 1328 768 771 777 806 -hsync -vsync (56.5 kHz e)
[ 41.632] Information modeset(0): Modeline "1024x768"x0.0 65.00 1024 1048 1184 1344 768 771 777 806 -hsync -vsync (48.4 kHz e)
[ 41.632] Information modeset(0): Modeline "800x600"x0.0 49.50 800 816 896 1056 600 601 604 625 +hsync +vsync (46.9 kHz e)
[ 41.632] Information modeset(0): Modeline "800x600"x0.0 50.00 800 856 976 1040 600 637 643 666 +hsync +vsync (48.1 kHz e)
[ 41.632] Information modeset(0): Modeline "1152x864"x0.0 108.00 1152 1216 1344 1600 864 865 868 900 +hsync +vsync (67.5 kHz e)
[ 41.632] Information modeset(0): Modeline "1280x1024"x0.0 108.00 1280 1328 1440 1688 1024 1025 1028 1066 +hsync +vsync (64.0 kHz e)
[ 41.632] Information modeset(0): Modeline "1280x1024"x72.0 132.75 1280 1368 1504 1728 1024 1025 1028 1067 -hsync +vsync (76.8 kHz e)
[ 41.632] Information modeset(0): Modeline "1280x800"x0.0 71.00 1280 1328 1360 1440 800 803 809 823 +hsync -vsync (49.3 kHz e)
[ 41.632] Information modeset(0): Modeline "1440x900"x0.0 88.75 1440 1488 1520 1600 900 903 909 926 +hsync -vsync (55.5 kHz e)
[ 41.632] Information modeset(0): Modeline "1440x900"x0.0 136.75 1440 1536 1688 1936 900 903 909 942 -hsync +vsync (70.6 kHz e)
[ 41.632] Information modeset(0): Modeline "1600x900"x60.0 119.00 1600 1696 1864 2128 900 901 904 932 -hsync +vsync (55.9 kHz e)
[ 41.632] Information modeset(0): Modeline "1680x1050"x0.0 119.00 1680 1728 1760 1840 1050 1053 1059 1080 +hsync -vsync (64.7 kHz e)
[ 181.558] Information config/udev: Adding input device MI Wireless Receiver Mouse (/dev/input/mouse0)
[ 181.558] Information No input driver specified, ignoring this device.
[ 181.558] Information This device may have been added with another device file.
[ 181.586] Information config/udev: Adding input device MI Wireless Receiver System Control (/dev/input/event11)
[ 181.586] Information Using input driver 'libinput' for 'MI Wireless Receiver System Control'
[ 181.587] Information event11 - MI Wireless Receiver System Control: is tagged by udev as: Keyboard
[ 181.587] Information event11 - MI Wireless Receiver System Control: device is a keyboard
[ 181.587] Information event11 - MI Wireless Receiver System Control: device removed
[ 181.599] Information XINPUT: Adding extended input device "MI Wireless Receiver System Control" (type: KEYBOARD, id 13)
[ 181.600] Information event11 - MI Wireless Receiver System Control: is tagged by udev as: Keyboard
[ 181.600] Information event11 - MI Wireless Receiver System Control: device is a keyboard
[ 181.601] Information config/udev: Adding input device MI Wireless Receiver (/dev/input/event7)
[ 181.601] Information Using input driver 'libinput' for 'MI Wireless Receiver'
[ 181.602] Information event7 - MI Wireless Receiver: is tagged by udev as: Keyboard
[ 181.602] Information event7 - MI Wireless Receiver: device is a keyboard
[ 181.602] Information event7 - MI Wireless Receiver: device removed
[ 181.611] Information XINPUT: Adding extended input device "MI Wireless Receiver" (type: KEYBOARD, id 14)
[ 181.612] Information event7 - MI Wireless Receiver: is tagged by udev as: Keyboard
[ 181.612] Information event7 - MI Wireless Receiver: device is a keyboard
[ 181.613] Information config/udev: Adding input device MI Wireless Receiver (/dev/input/event8)
[ 181.613] Information No input driver specified, ignoring this device.
[ 181.613] Information This device may have been added with another device file.
[ 181.614] Information config/udev: Adding input device MI Wireless Receiver Consumer Control (/dev/input/event10)
[ 181.614] Information Using input driver 'libinput' for 'MI Wireless Receiver Consumer Control'
[ 181.615] Information event10 - MI Wireless Receiver Consumer Control: is tagged by udev as: Keyboard
[ 181.615] Information event10 - MI Wireless Receiver Consumer Control: device is a keyboard
[ 181.615] Information event10 - MI Wireless Receiver Consumer Control: device removed
[ 181.623] Information libinput: MI Wireless Receiver Consumer Control: needs a virtual subdevice
[ 181.623] Information XINPUT: Adding extended input device "MI Wireless Receiver Consumer Control" (type: MOUSE, id 15)
[ 181.624] Information event10 - MI Wireless Receiver Consumer Control: is tagged by udev as: Keyboard
[ 181.624] Information event10 - MI Wireless Receiver Consumer Control: device is a keyboard
[ 181.625] Information Using input driver 'libinput' for 'MI Wireless Receiver Consumer Control'
[ 181.625] Information libinput: MI Wireless Receiver Consumer Control: is a virtual subdevice
[ 181.625] Information XINPUT: Adding extended input device "MI Wireless Receiver Consumer Control" (type: KEYBOARD, id 16)
[ 181.625] Information config/udev: Adding input device MI Wireless Receiver Mouse (/dev/input/event9)
[ 181.625] Information Using input driver 'libinput' for 'MI Wireless Receiver Mouse'
[ 181.627] Information event9 - MI Wireless Receiver Mouse: is tagged by udev as: Mouse
[ 181.627] Information event9 - MI Wireless Receiver Mouse: device is a pointer
[ 181.627] Information event9 - MI Wireless Receiver Mouse: device removed
[ 181.643] Information XINPUT: Adding extended input device "MI Wireless Receiver Mouse" (type: MOUSE, id 17)
[ 181.644] Information event9 - MI Wireless Receiver Mouse: is tagged by udev as: Mouse
[ 181.644] Information event9 - MI Wireless Receiver Mouse: device is a pointer
